0 info it worked if it ends with ok
1 verbose cli [ 'C:\\gi\\nodejs\\\\node.exe',
1 verbose cli   'C:\\gi\\nodejs\\node_modules\\npm\\bin\\npm-cli.js',
1 verbose cli   'install' ]
2 info using npm@1.3.4
3 info using node@v0.11.4
4 verbose node symlink C:\gi\nodejs\\node.exe
5 verbose readDependencies using package.json deps
6 verbose install where, deps [ 'C:\\gi\\workspace37\\SeaStoreApp', [ 'express', 'jade' ] ]
7 error Error: Invalid name: "SeaStoreApp"
7 error     at ensureValidName (C:\gi\nodejs\node_modules\npm\node_modules\read-package-json\node_modules\normalize-package-data\lib\fixer.js:281:15)
7 error     at Object.module.exports.fixNameField (C:\gi\nodejs\node_modules\npm\node_modules\read-package-json\node_modules\normalize-package-data\lib\fixer.js:196:5)
7 error     at C:\gi\nodejs\node_modules\npm\node_modules\read-package-json\node_modules\normalize-package-data\lib\normalize.js:29:38
7 error     at Array.forEach (native)
7 error     at normalize (C:\gi\nodejs\node_modules\npm\node_modules\read-package-json\node_modules\normalize-package-data\lib\normalize.js:28:15)
7 error     at final (C:\gi\nodejs\node_modules\npm\node_modules\read-package-json\read-json.js:310:33)
7 error     at then (C:\gi\nodejs\node_modules\npm\node_modules\read-package-json\read-json.js:124:33)
7 error     at C:\gi\nodejs\node_modules\npm\node_modules\read-package-json\read-json.js:234:40
7 error     at fs.js:253:14
7 error     at C:\gi\nodejs\node_modules\npm\node_modules\graceful-fs\graceful-fs.js:103:5
8 error If you need help, you may report this log at:
8 error     <http://github.com/isaacs/npm/issues>
8 error or email it to:
8 error     <npm-@googlegroups.com>
9 error System Windows_NT 6.1.7601
10 error command "C:\\gi\\nodejs\\\\node.exe" "C:\\gi\\nodejs\\node_modules\\npm\\bin\\npm-cli.js" "install"
11 error cwd C:\gi\workspace37\SeaStoreApp
12 error node -v v0.11.4
13 error npm -v 1.3.4
14 verbose exit [ 1, true ]
